e:\work\modelling framework\submodels\cube approach\x64\release\cube_approach.pch
e:\work\modelling framework\submodels\cube approach\x64\release\vc141.pdb
e:\work\modelling framework\submodels\cube approach\x64\release\stdafx.obj
e:\work\modelling framework\submodels\cube approach\x64\release\cube_approach.obj
e:\work\modelling framework\submodels\cube approach\x64\release\debrispopulation.obj
e:\work\modelling framework\submodels\cube approach\x64\release\baseutilities.obj
e:\work\modelling framework\submodels\cube approach\x64\release\sgp4.obj
e:\work\modelling framework\submodels\cube approach\x64\release\moid.obj
e:\work\modelling framework\submodels\cube approach\x64\release\distlink.obj
e:\work\modelling framework\submodels\cube approach\x64\release\brentmin.obj
e:\work\modelling framework\submodels\cube approach\x64\release\collisionfunctions.obj
e:\work\modelling framework\submodels\cube approach\x64\release\cube.obj
e:\work\modelling framework\submodels\cube approach\x64\release\cube_approach.ipdb
e:\work\modelling framework\submodels\cube approach\x64\release\cube_approach.iobj
x64\release\collisionpair.cu.obj
x64\release\debrisevent.cu.obj
x64\release\debrisobject.cu.obj
x64\release\orbitalanomalies.cu.obj
x64\release\orbitalelements.cu.obj
x64\release\orbitalutilities.cu.obj
e:\work\modelling framework\submodels\cube approach\x64\release\cube_approach.exe
e:\work\modelling framework\submodels\cube approach\x64\release\cube_approach.pdb
e:\work\modelling framework\submodels\cube approach\x64\release\collisionpair.cu.cache
e:\work\modelling framework\submodels\cube approach\x64\release\debrisevent.cu.cache
e:\work\modelling framework\submodels\cube approach\x64\release\debrisobject.cu.cache
e:\work\modelling framework\submodels\cube approach\x64\release\orbitalanomalies.cu.cache
e:\work\modelling framework\submodels\cube approach\x64\release\orbitalelements.cu.cache
e:\work\modelling framework\submodels\cube approach\x64\release\orbitalutilities.cu.cache
e:\work\modelling framework\submodels\cube approach\x64\release\collisionpair.cu.obj
e:\work\modelling framework\submodels\cube approach\x64\release\debrisevent.cu.obj
e:\work\modelling framework\submodels\cube approach\x64\release\debrisobject.cu.obj
e:\work\modelling framework\submodels\cube approach\x64\release\orbitalanomalies.cu.obj
e:\work\modelling framework\submodels\cube approach\x64\release\orbitalelements.cu.obj
e:\work\modelling framework\submodels\cube approach\x64\release\orbitalutilities.cu.obj
e:\work\modelling framework\submodels\cube approach\x64\release\cube_approach.tlog\cl.command.1.tlog
e:\work\modelling framework\submodels\cube approach\x64\release\cube_approach.tlog\cl.read.1.tlog
e:\work\modelling framework\submodels\cube approach\x64\release\cube_approach.tlog\cl.write.1.tlog
e:\work\modelling framework\submodels\cube approach\x64\release\cube_approach.tlog\cube_approach.write.1u.tlog
e:\work\modelling framework\submodels\cube approach\x64\release\cube_approach.tlog\cudacompile.read.1u.tlog
e:\work\modelling framework\submodels\cube approach\x64\release\cube_approach.tlog\cudacompile.write.1u.tlog
e:\work\modelling framework\submodels\cube approach\x64\release\cube_approach.tlog\link.command.1.tlog
e:\work\modelling framework\submodels\cube approach\x64\release\cube_approach.tlog\link.read.1.tlog
e:\work\modelling framework\submodels\cube approach\x64\release\cube_approach.tlog\link.write.1.tlog
