e:\work\modelling framework\x64\release\vc141.pdb
e:\work\modelling framework\x64\release\hootsfilter.obj
e:\work\modelling framework\x64\release\collisionfunctions.obj
e:\work\modelling framework\x64\release\cube.obj
e:\work\modelling framework\x64\release\framework.obj
e:\work\modelling framework\x64\release\orbittrace.obj
e:\work\modelling framework\x64\release\orbitalutilities.obj
e:\work\modelling framework\x64\release\debrispopulation.obj
e:\work\modelling framework\x64\release\debrisobject.obj
e:\work\modelling framework\x64\release\nasastdbrkupmdl.obj
e:\work\modelling framework\x64\release\orbitalelements.obj
e:\work\modelling framework\x64\release\orbitalanomalies.obj
e:\work\modelling framework\x64\release\baseutilities.obj
e:\work\modelling framework\x64\release\sgp4wrap.obj
e:\work\modelling framework\x64\release\sgp4.obj
e:\work\modelling framework\x64\release\propagator.obj
e:\work\modelling framework\x64\release\analytic_j2.obj
e:\work\modelling framework\x64\release\fragmentationfunctions.obj
e:\work\modelling framework\x64\release\fragmentcloud.obj
e:\work\modelling framework\x64\release\distlink.obj
e:\work\modelling framework\x64\release\framework.pch
e:\work\modelling framework\x64\release\stdafx.obj
e:\work\modelling framework\x64\release\moid.obj
e:\work\modelling framework\x64\release\brentmin.obj
e:\work\modelling framework\x64\release\framework.ipdb
e:\work\modelling framework\x64\release\framework.iobj
e:\work\modelling framework\x64\release\framework.exe
e:\work\modelling framework\x64\release\framework.pdb
e:\work\modelling framework\x64\release\framework.res
e:\work\modelling framework\x64\release\nativecodeanalysis.read.1.tlog
e:\work\modelling framework\x64\release\analytic_j2.nativecodeanalysis.xml
e:\work\modelling framework\x64\release\baseutilities.nativecodeanalysis.xml
e:\work\modelling framework\x64\release\collisionfunctions.nativecodeanalysis.xml
e:\work\modelling framework\x64\release\cube.nativecodeanalysis.xml
e:\work\modelling framework\x64\release\debrisobject.nativecodeanalysis.xml
e:\work\modelling framework\x64\release\debrispopulation.nativecodeanalysis.xml
e:\work\modelling framework\x64\release\fragmentationfunctions.nativecodeanalysis.xml
e:\work\modelling framework\x64\release\fragmentcloud.nativecodeanalysis.xml
e:\work\modelling framework\x64\release\framework.nativecodeanalysis.xml
e:\work\modelling framework\x64\release\hootsfilter.nativecodeanalysis.xml
e:\work\modelling framework\x64\release\nasastdbrkupmdl.nativecodeanalysis.xml
e:\work\modelling framework\x64\release\orbitalanomalies.nativecodeanalysis.xml
e:\work\modelling framework\x64\release\orbitalelements.nativecodeanalysis.xml
e:\work\modelling framework\x64\release\orbitalutilities.nativecodeanalysis.xml
e:\work\modelling framework\x64\release\orbittrace.nativecodeanalysis.xml
e:\work\modelling framework\x64\release\propagator.nativecodeanalysis.xml
e:\work\modelling framework\x64\release\sgp4.nativecodeanalysis.xml
e:\work\modelling framework\x64\release\sgp4wrap.nativecodeanalysis.xml
e:\work\modelling framework\x64\release\stdafx.nativecodeanalysis.xml
e:\work\modelling framework\x64\release\vc.nativecodeanalysis.all.xml
e:\work\modelling framework\x64\release\framework.exe.lastcodeanalysissucceeded
e:\work\modelling framework\x64\release\framework.tlog\cl.command.1.tlog
e:\work\modelling framework\x64\release\framework.tlog\cl.read.1.tlog
e:\work\modelling framework\x64\release\framework.tlog\cl.write.1.tlog
e:\work\modelling framework\x64\release\framework.tlog\framework.write.1u.tlog
e:\work\modelling framework\x64\release\framework.tlog\link.command.1.tlog
e:\work\modelling framework\x64\release\framework.tlog\link.read.1.tlog
e:\work\modelling framework\x64\release\framework.tlog\link.write.1.tlog
e:\work\modelling framework\x64\release\framework.tlog\rc.command.1.tlog
e:\work\modelling framework\x64\release\framework.tlog\rc.read.1.tlog
e:\work\modelling framework\x64\release\framework.tlog\rc.write.1.tlog
