  stdafx.cpp
  FragmentationFunctions.cpp
  FragmentCloud.cpp
  NASAStdBrkUpMdl.cpp
  SGP4.cpp
..\..\Modules\Propagators\SGP4\SGP4Code\SGP4.cpp(2223): warning C4477: 'sscanf_s' : format string '%1c' requires an argument of type 'unsigned int', but variadic argument 4 has type '::size_t'
  ..\..\Modules\Propagators\SGP4\SGP4Code\SGP4.cpp(2223): note: this argument is used as a buffer size
..\..\Modules\Propagators\SGP4\SGP4Code\SGP4.cpp(2223): warning C4477: 'sscanf_s' : format string '%10s' requires an argument of type 'unsigned int', but variadic argument 6 has type 'unsigned __int64'
  ..\..\Modules\Propagators\SGP4\SGP4Code\SGP4.cpp(2223): note: this argument is used as a buffer size
  BaseUtilities.cpp
  DebrisObject.cpp
  DebrisPopulation.cpp
  OrbitalAnomalies.cpp
  OrbitalElements.cpp
  OrbitalUtilities.cpp
  NASA Standard Breakup Model.cpp
  Generating code
  1048 of 1348 functions (77.7%) were compiled, the rest were copied from previous compilation.
    269 functions were new in current compilation
    58 functions had inline decision re-evaluated but remain unchanged
  Finished generating code
  NASA Standard Breakup Model.vcxproj -> E:\Work\Modelling Framework\SubModels\NASA Standard Breakup Model\x64\Release\NASA Standard Breakup Model.exe
