  stdafx.cpp
  OrbitalUtilities.cpp
  OrbitalElements.cpp
  OrbitalAnomalies.cpp
  DebrisPopulation.cpp
  DebrisObject.cpp
  NASAStdBrkUpMdl.cpp
  FragmentationFunctions.cpp
  FragmentCloud.cpp
  OrbitTrace.cpp
  HootsFilter.cpp
e:\work\modelling framework\modules\collision_algorithms\hootsfilter.cpp(99): warning C4554: '&': check operator precedence for possible error; use parentheses to clarify precedence
e:\work\modelling framework\modules\collision_algorithms\hootsfilter.cpp(37): warning C4101: 'time': unreferenced local variable
  CollisionFunctions.cpp
  CUBE.cpp
  Framework.cpp
  Generating Code...
e:\work\modelling framework\modules\collision_algorithms\orbittrace.cpp(143): warning C4700: uninitialized local variable 'deltaMS' used
  Framework.vcxproj -> E:\Work\Modelling Framework\x64\Debug\Framework.exe
  Framework.vcxproj -> E:\Work\Modelling Framework\x64\Debug\Framework.pdb (Partial PDB)
