e:\work\modelling framework\x64\debug\framework.pch
e:\work\modelling framework\x64\debug\vc141.pdb
e:\work\modelling framework\x64\debug\vc141.idb
e:\work\modelling framework\x64\debug\stdafx.sbr
e:\work\modelling framework\x64\debug\stdafx.obj
e:\work\modelling framework\x64\debug\orbittrace.sbr
e:\work\modelling framework\x64\debug\orbittrace.obj
e:\work\modelling framework\x64\debug\framework.sbr
e:\work\modelling framework\x64\debug\framework.obj
e:\work\modelling framework\x64\debug\propagator.sbr
e:\work\modelling framework\x64\debug\propagator.obj
e:\work\modelling framework\x64\debug\sgp4wrap.sbr
e:\work\modelling framework\x64\debug\sgp4wrap.obj
e:\work\modelling framework\x64\debug\baseutilities.sbr
e:\work\modelling framework\x64\debug\baseutilities.obj
e:\work\modelling framework\x64\debug\hootsfilter.sbr
e:\work\modelling framework\x64\debug\hootsfilter.obj
e:\work\modelling framework\x64\debug\debrispopulation.sbr
e:\work\modelling framework\x64\debug\sgp4.sbr
e:\work\modelling framework\x64\debug\analytic_j2.sbr
e:\work\modelling framework\x64\debug\nasastdbrkupmdl.sbr
e:\work\modelling framework\x64\debug\fragmentationfunctions.sbr
e:\work\modelling framework\x64\debug\fragmentcloud.sbr
e:\work\modelling framework\x64\debug\moid.sbr
e:\work\modelling framework\x64\debug\distlink.sbr
e:\work\modelling framework\x64\debug\brentmin.sbr
e:\work\modelling framework\x64\debug\collisionfunctions.sbr
e:\work\modelling framework\x64\debug\cube.sbr
e:\work\modelling framework\x64\debug\cube.obj
e:\work\modelling framework\x64\debug\collisionfunctions.obj
e:\work\modelling framework\x64\debug\brentmin.obj
e:\work\modelling framework\x64\debug\distlink.obj
e:\work\modelling framework\x64\debug\moid.obj
e:\work\modelling framework\x64\debug\fragmentcloud.obj
e:\work\modelling framework\x64\debug\fragmentationfunctions.obj
e:\work\modelling framework\x64\debug\nasastdbrkupmdl.obj
e:\work\modelling framework\x64\debug\analytic_j2.obj
e:\work\modelling framework\x64\debug\sgp4.obj
e:\work\modelling framework\x64\debug\debrispopulation.obj
x64\debug\collisionpair.cu.obj
x64\debug\hootsfilter_gpu.cu.obj
x64\debug\orbittrace_gpu.cu.obj
x64\debug\debrisevent.cu.obj
x64\debug\debrisobject.cu.obj
x64\debug\orbitalanomalies.cu.obj
x64\debug\orbitalelements.cu.obj
x64\debug\orbitalutilities.cu.obj
e:\work\modelling framework\x64\debug\framework.ilk
e:\work\modelling framework\x64\debug\framework.exe
e:\work\modelling framework\x64\debug\framework.pdb
e:\work\modelling framework\x64\debug\framework.res
e:\work\modelling framework\x64\debug\collisionpair.cu.cache
e:\work\modelling framework\x64\debug\debrisevent.cu.cache
e:\work\modelling framework\x64\debug\debrisobject.cu.cache
e:\work\modelling framework\x64\debug\hootsfilter_gpu.cu.cache
e:\work\modelling framework\x64\debug\orbitalanomalies.cu.cache
e:\work\modelling framework\x64\debug\orbitalelements.cu.cache
e:\work\modelling framework\x64\debug\orbitalutilities.cu.cache
e:\work\modelling framework\x64\debug\orbittrace_gpu.cu.cache
e:\work\modelling framework\x64\debug\collisionpair.cu.obj
e:\work\modelling framework\x64\debug\debrisevent.cu.obj
e:\work\modelling framework\x64\debug\debrisobject.cu.obj
e:\work\modelling framework\x64\debug\framework.device-link.obj
e:\work\modelling framework\x64\debug\hootsfilter_gpu.cu.obj
e:\work\modelling framework\x64\debug\orbitalanomalies.cu.obj
e:\work\modelling framework\x64\debug\orbitalelements.cu.obj
e:\work\modelling framework\x64\debug\orbitalutilities.cu.obj
e:\work\modelling framework\x64\debug\orbittrace_gpu.cu.obj
e:\work\modelling framework\x64\debug\hootsfilter.obj.enc
e:\work\modelling framework\x64\debug\framework.bsc
e:\work\modelling framework\x64\debug\framework.tlog\bscmake.command.1.tlog
e:\work\modelling framework\x64\debug\framework.tlog\bscmake.read.1.tlog
e:\work\modelling framework\x64\debug\framework.tlog\cl.command.1.tlog
e:\work\modelling framework\x64\debug\framework.tlog\cl.read.1.tlog
e:\work\modelling framework\x64\debug\framework.tlog\cl.write.1.tlog
e:\work\modelling framework\x64\debug\framework.tlog\cudacompile.read.1u.tlog
e:\work\modelling framework\x64\debug\framework.tlog\cudacompile.write.1u.tlog
e:\work\modelling framework\x64\debug\framework.tlog\link.command.1.tlog
e:\work\modelling framework\x64\debug\framework.tlog\link.read.1.tlog
e:\work\modelling framework\x64\debug\framework.tlog\link.write.1.tlog
e:\work\modelling framework\x64\debug\framework.tlog\rc.command.1.tlog
e:\work\modelling framework\x64\debug\framework.tlog\rc.read.1.tlog
e:\work\modelling framework\x64\debug\framework.tlog\rc.write.1.tlog
