e:\work\modelling framework\submodels\nasa standard breakup model\debug\vc141.pdb
e:\work\modelling framework\submodels\nasa standard breakup model\debug\vc141.idb
e:\work\modelling framework\submodels\nasa standard breakup model\debug\nasa standard breakup model.pch
e:\work\modelling framework\submodels\nasa standard breakup model\debug\stdafx.obj
e:\work\modelling framework\submodels\nasa standard breakup model\debug\fragmentationfunctions.obj
e:\work\modelling framework\submodels\nasa standard breakup model\debug\fragmentcloud.obj
e:\work\modelling framework\submodels\nasa standard breakup model\debug\debrisobject.obj
e:\work\modelling framework\submodels\nasa standard breakup model\debug\debrispopulation.obj
e:\work\modelling framework\submodels\nasa standard breakup model\debug\orbitalanomalies.obj
e:\work\modelling framework\submodels\nasa standard breakup model\debug\orbitalelements.obj
e:\work\modelling framework\submodels\nasa standard breakup model\debug\orbitalutilities.obj
e:\work\modelling framework\submodels\nasa standard breakup model\debug\nasa standard breakup model.obj
e:\work\modelling framework\submodels\nasa standard breakup model\debug\nasastdbrkupmdl.obj
e:\work\modelling framework\submodels\nasa standard breakup model\debug\nasa standard breakup model.ilk
e:\work\modelling framework\submodels\nasa standard breakup model\debug\nasa standard breakup model.exe
e:\work\modelling framework\submodels\nasa standard breakup model\debug\nasa standard breakup model.pdb
e:\work\modelling framework\submodels\nasa standard breakup model\debug\nasa standard breakup model.obj.enc
e:\work\modelling framework\submodels\nasa standard breakup model\debug\nasastdbrkupmdl.obj.enc
e:\work\modelling framework\submodels\nasa standard breakup model\debug\nasa sta.0cb0e7e0.tlog\cl.command.1.tlog
e:\work\modelling framework\submodels\nasa standard breakup model\debug\nasa sta.0cb0e7e0.tlog\cl.read.1.tlog
e:\work\modelling framework\submodels\nasa standard breakup model\debug\nasa sta.0cb0e7e0.tlog\cl.write.1.tlog
e:\work\modelling framework\submodels\nasa standard breakup model\debug\nasa sta.0cb0e7e0.tlog\link.command.1.tlog
e:\work\modelling framework\submodels\nasa standard breakup model\debug\nasa sta.0cb0e7e0.tlog\link.read.1.tlog
e:\work\modelling framework\submodels\nasa standard breakup model\debug\nasa sta.0cb0e7e0.tlog\link.write.1.tlog
