  NASAStdBrkUpMdl.cpp
e:\work\modelling framework\modules\fragmentation_models\nasastdbrkupmdl.cpp(44): warning C4101: 'assignedMass': unreferenced local variable
e:\work\modelling framework\modules\fragmentation_models\nasastdbrkupmdl.cpp(82): warning C4101: 'assignedMass': unreferenced local variable
e:\work\modelling framework\modules\fragmentation_models\nasastdbrkupmdl.cpp(140): warning C4244: '=': conversion from 'double' to 'float', possible loss of data
e:\work\modelling framework\modules\fragmentation_models\nasastdbrkupmdl.cpp(168): warning C4244: '=': conversion from 'double' to 'float', possible loss of data
e:\work\modelling framework\modules\fragmentation_models\nasastdbrkupmdl.cpp(172): warning C4305: '=': truncation from 'double' to 'float'
e:\work\modelling framework\modules\fragmentation_models\nasastdbrkupmdl.cpp(174): warning C4305: '=': truncation from 'double' to 'float'
e:\work\modelling framework\modules\fragmentation_models\nasastdbrkupmdl.cpp(176): warning C4244: '=': conversion from 'double' to 'float', possible loss of data
e:\work\modelling framework\modules\fragmentation_models\nasastdbrkupmdl.cpp(179): warning C4305: '=': truncation from 'double' to 'float'
e:\work\modelling framework\modules\fragmentation_models\nasastdbrkupmdl.cpp(182): warning C4305: '=': truncation from 'double' to 'float'
e:\work\modelling framework\modules\fragmentation_models\nasastdbrkupmdl.cpp(186): warning C4305: '=': truncation from 'double' to 'float'
e:\work\modelling framework\modules\fragmentation_models\nasastdbrkupmdl.cpp(188): warning C4305: '=': truncation from 'double' to 'float'
e:\work\modelling framework\modules\fragmentation_models\nasastdbrkupmdl.cpp(190): warning C4244: '=': conversion from 'double' to 'float', possible loss of data
e:\work\modelling framework\modules\fragmentation_models\nasastdbrkupmdl.cpp(201): warning C4244: '=': conversion from 'double' to 'float', possible loss of data
e:\work\modelling framework\modules\fragmentation_models\nasastdbrkupmdl.cpp(205): warning C4305: '=': truncation from 'double' to 'float'
e:\work\modelling framework\modules\fragmentation_models\nasastdbrkupmdl.cpp(207): warning C4305: '=': truncation from 'double' to 'float'
e:\work\modelling framework\modules\fragmentation_models\nasastdbrkupmdl.cpp(209): warning C4244: '=': conversion from 'double' to 'float', possible loss of data
e:\work\modelling framework\modules\fragmentation_models\nasastdbrkupmdl.cpp(213): warning C4305: '=': truncation from 'double' to 'float'
e:\work\modelling framework\modules\fragmentation_models\nasastdbrkupmdl.cpp(215): warning C4305: '=': truncation from 'double' to 'float'
e:\work\modelling framework\modules\fragmentation_models\nasastdbrkupmdl.cpp(217): warning C4244: '=': conversion from 'double' to 'float', possible loss of data
e:\work\modelling framework\modules\fragmentation_models\nasastdbrkupmdl.cpp(221): warning C4305: '=': truncation from 'double' to 'float'
e:\work\modelling framework\modules\fragmentation_models\nasastdbrkupmdl.cpp(225): warning C4244: '=': conversion from 'double' to 'float', possible loss of data
e:\work\modelling framework\modules\fragmentation_models\nasastdbrkupmdl.cpp(231): warning C4305: '=': truncation from 'double' to 'float'
e:\work\modelling framework\modules\fragmentation_models\nasastdbrkupmdl.cpp(233): warning C4244: '=': conversion from 'double' to 'float', possible loss of data
e:\work\modelling framework\modules\fragmentation_models\nasastdbrkupmdl.cpp(241): warning C4305: '=': truncation from 'double' to 'float'
e:\work\modelling framework\modules\fragmentation_models\nasastdbrkupmdl.cpp(245): warning C4244: '=': conversion from 'double' to 'float', possible loss of data
e:\work\modelling framework\modules\fragmentation_models\nasastdbrkupmdl.cpp(248): warning C4305: '=': truncation from 'double' to 'float'
e:\work\modelling framework\modules\fragmentation_models\nasastdbrkupmdl.cpp(250): warning C4244: '=': conversion from 'double' to 'float', possible loss of data
  Framework.vcxproj -> E:\Work\Modelling Framework\Framework\Debug\Framework.exe
  Framework.vcxproj -> E:\Work\Modelling Framework\Framework\Debug\Framework.pdb (Partial PDB)
