  stdafx.cpp
e:\work\modelling framework\utilities\orbitalutilities.h(47): warning C4244: 'argument': conversion from 'uint64_t' to 'const unsigned int', possible loss of data
  OrbitTraceWrapper.cpp
e:\work\modelling framework\submodels\orbit-trace\packages\jsoncpp.0.6.0.1\build\native\include\json\reader.h(173): warning C4251: 'Json::Reader::nodes_': class 'std::stack<Json::Value *,std::deque<_Ty,std::allocator<_Ty>>>' needs to have dll-interface to be used by clients of class 'Json::Reader'
          with
          [
              _Ty=Json::Value *
          ]
  e:\work\modelling framework\submodels\orbit-trace\packages\jsoncpp.0.6.0.1\build\native\include\json\reader.h(172): note: see declaration of 'std::stack<Json::Value *,std::deque<_Ty,std::allocator<_Ty>>>'
          with
          [
              _Ty=Json::Value *
          ]
e:\work\modelling framework\submodels\orbit-trace\packages\jsoncpp.0.6.0.1\build\native\include\json\reader.h(174): warning C4251: 'Json::Reader::errors_': class 'std::deque<Json::Reader::ErrorInfo,std::allocator<_Ty>>' needs to have dll-interface to be used by clients of class 'Json::Reader'
          with
          [
              _Ty=Json::Reader::ErrorInfo
          ]
  e:\work\modelling framework\submodels\orbit-trace\packages\jsoncpp.0.6.0.1\build\native\include\json\reader.h(126): note: see declaration of 'std::deque<Json::Reader::ErrorInfo,std::allocator<_Ty>>'
          with
          [
              _Ty=Json::Reader::ErrorInfo
          ]
e:\work\modelling framework\submodels\orbit-trace\packages\jsoncpp.0.6.0.1\build\native\include\json\reader.h(175): warning C4251: 'Json::Reader::document_': class 'std::basic_string<char,std::char_traits<char>,std::allocator<char>>' needs to have dll-interface to be used by clients of class 'Json::Reader'
  c:\program files (x86)\microsoft visual studio\2017\enterprise\vc\tools\msvc\14.10.25017\include\xstring(3997): note: see declaration of 'std::basic_string<char,std::char_traits<char>,std::allocator<char>>'
e:\work\modelling framework\submodels\orbit-trace\packages\jsoncpp.0.6.0.1\build\native\include\json\reader.h(181): warning C4251: 'Json::Reader::commentsBefore_': class 'std::basic_string<char,std::char_traits<char>,std::allocator<char>>' needs to have dll-interface to be used by clients of class 'Json::Reader'
  c:\program files (x86)\microsoft visual studio\2017\enterprise\vc\tools\msvc\14.10.25017\include\xstring(3997): note: see declaration of 'std::basic_string<char,std::char_traits<char>,std::allocator<char>>'
e:\work\modelling framework\submodels\orbit-trace\packages\jsoncpp.0.6.0.1\build\native\include\json\writer.h(50): warning C4251: 'Json::FastWriter::document_': class 'std::basic_string<char,std::char_traits<char>,std::allocator<char>>' needs to have dll-interface to be used by clients of class 'Json::FastWriter'
  c:\program files (x86)\microsoft visual studio\2017\enterprise\vc\tools\msvc\14.10.25017\include\xstring(3997): note: see declaration of 'std::basic_string<char,std::char_traits<char>,std::allocator<char>>'
e:\work\modelling framework\submodels\orbit-trace\packages\jsoncpp.0.6.0.1\build\native\include\json\writer.h(101): warning C4251: 'Json::StyledWriter::childValues_': class 'std::vector<std::string,std::allocator<_Ty>>' needs to have dll-interface to be used by clients of class 'Json::StyledWriter'
          with
          [
              _Ty=std::string
          ]
  e:\work\modelling framework\submodels\orbit-trace\packages\jsoncpp.0.6.0.1\build\native\include\json\value.h(126): note: see declaration of 'std::vector<std::string,std::allocator<_Ty>>'
          with
          [
              _Ty=std::string
          ]
e:\work\modelling framework\submodels\orbit-trace\packages\jsoncpp.0.6.0.1\build\native\include\json\writer.h(102): warning C4251: 'Json::StyledWriter::document_': class 'std::basic_string<char,std::char_traits<char>,std::allocator<char>>' needs to have dll-interface to be used by clients of class 'Json::StyledWriter'
  c:\program files (x86)\microsoft visual studio\2017\enterprise\vc\tools\msvc\14.10.25017\include\xstring(3997): note: see declaration of 'std::basic_string<char,std::char_traits<char>,std::allocator<char>>'
e:\work\modelling framework\submodels\orbit-trace\packages\jsoncpp.0.6.0.1\build\native\include\json\writer.h(103): warning C4251: 'Json::StyledWriter::indentString_': class 'std::basic_string<char,std::char_traits<char>,std::allocator<char>>' needs to have dll-interface to be used by clients of class 'Json::StyledWriter'
  c:\program files (x86)\microsoft visual studio\2017\enterprise\vc\tools\msvc\14.10.25017\include\xstring(3997): note: see declaration of 'std::basic_string<char,std::char_traits<char>,std::allocator<char>>'
e:\work\modelling framework\submodels\orbit-trace\packages\jsoncpp.0.6.0.1\build\native\include\json\writer.h(159): warning C4251: 'Json::StyledStreamWriter::childValues_': class 'std::vector<std::string,std::allocator<_Ty>>' needs to have dll-interface to be used by clients of class 'Json::StyledStreamWriter'
          with
          [
              _Ty=std::string
          ]
  e:\work\modelling framework\submodels\orbit-trace\packages\jsoncpp.0.6.0.1\build\native\include\json\value.h(126): note: see declaration of 'std::vector<std::string,std::allocator<_Ty>>'
          with
          [
              _Ty=std::string
          ]
e:\work\modelling framework\submodels\orbit-trace\packages\jsoncpp.0.6.0.1\build\native\include\json\writer.h(161): warning C4251: 'Json::StyledStreamWriter::indentString_': class 'std::basic_string<char,std::char_traits<char>,std::allocator<char>>' needs to have dll-interface to be used by clients of class 'Json::StyledStreamWriter'
  c:\program files (x86)\microsoft visual studio\2017\enterprise\vc\tools\msvc\14.10.25017\include\xstring(3997): note: see declaration of 'std::basic_string<char,std::char_traits<char>,std::allocator<char>>'
e:\work\modelling framework\submodels\orbit-trace\packages\jsoncpp.0.6.0.1\build\native\include\json\writer.h(163): warning C4251: 'Json::StyledStreamWriter::indentation_': class 'std::basic_string<char,std::char_traits<char>,std::allocator<char>>' needs to have dll-interface to be used by clients of class 'Json::StyledStreamWriter'
  c:\program files (x86)\microsoft visual studio\2017\enterprise\vc\tools\msvc\14.10.25017\include\xstring(3997): note: see declaration of 'std::basic_string<char,std::char_traits<char>,std::allocator<char>>'
e:\work\modelling framework\submodels\orbit-trace\orbittracewrapper.cpp(139): error C2039: 'isUInt64': is not a member of 'Json::Value'
  e:\work\modelling framework\submodels\orbit-trace\packages\jsoncpp.0.6.0.1\build\native\include\json\writer.h(18): note: see declaration of 'Json::Value'
e:\work\modelling framework\submodels\orbit-trace\orbittracewrapper.cpp(159): warning C4244: 'argument': conversion from 'uint64_t' to 'const unsigned int', possible loss of data
e:\work\modelling framework\submodels\orbit-trace\orbittracewrapper.cpp(160): warning C4244: 'argument': conversion from 'uint64_t' to 'const unsigned int', possible loss of data
e:\work\modelling framework\submodels\orbit-trace\orbittracewrapper.cpp(190): warning C4018: '<': signed/unsigned mismatch
e:\work\modelling framework\submodels\orbit-trace\orbittracewrapper.cpp(328): warning C4018: '<': signed/unsigned mismatch
e:\work\modelling framework\submodels\orbit-trace\orbittracewrapper.cpp(403): warning C4018: '<': signed/unsigned mismatch
e:\work\modelling framework\submodels\orbit-trace\orbittracewrapper.cpp(422): warning C4018: '<': signed/unsigned mismatch
  OrbitalUtilities.cpp
  OrbitalElements.cpp
  OrbitalAnomalies.cpp
  DebrisPopulation.cpp
  DebrisObject.cpp
  OrbitTrace.cpp
  CollisionFunctions.cpp
e:\work\modelling framework\modules\collision_algorithms\collisionfunctions.cpp(17): warning C4018: '<': signed/unsigned mismatch
e:\work\modelling framework\modules\collision_algorithms\collisionfunctions.cpp(20): warning C4018: '<': signed/unsigned mismatch
  Generating Code...
e:\work\modelling framework\modules\collision_algorithms\collisionfunctions.cpp(198): warning C4700: uninitialized local variable 'eP' used
e:\work\modelling framework\modules\collision_algorithms\collisionfunctions.cpp(200): warning C4700: uninitialized local variable 'eS' used
e:\work\modelling framework\modules\collision_algorithms\orbittrace.cpp(150): warning C4700: uninitialized local variable 'deltaMS' used
