e:\work\modelling framework\submodels\orbit-trace\x64\release\orbittrace.pch
e:\work\modelling framework\submodels\orbit-trace\x64\release\vc141.pdb
e:\work\modelling framework\submodels\orbit-trace\x64\release\stdafx.obj
e:\work\modelling framework\submodels\orbit-trace\x64\release\orbittracewrapper.obj
e:\work\modelling framework\submodels\orbit-trace\x64\release\orbitalutilities.obj
e:\work\modelling framework\submodels\orbit-trace\x64\release\orbitalelements.obj
e:\work\modelling framework\submodels\orbit-trace\x64\release\orbitalanomalies.obj
e:\work\modelling framework\submodels\orbit-trace\x64\release\debrispopulation.obj
e:\work\modelling framework\submodels\orbit-trace\x64\release\debrisobject.obj
e:\work\modelling framework\submodels\orbit-trace\x64\release\collisionfunctions.obj
e:\work\modelling framework\submodels\orbit-trace\x64\release\orbittrace.exe
e:\work\modelling framework\submodels\orbit-trace\x64\release\orbittrace.pdb
e:\work\modelling framework\submodels\orbit-trace\x64\release\orbittrace.ipdb
e:\work\modelling framework\submodels\orbit-trace\x64\release\orbittrace.iobj
e:\work\modelling framework\submodels\orbit-trace\x64\release\orbittrace.obj
e:\work\modelling framework\submodels\orbit-trace\x64\release\orbittrace.tlog\cl.command.1.tlog
e:\work\modelling framework\submodels\orbit-trace\x64\release\orbittrace.tlog\cl.read.1.tlog
e:\work\modelling framework\submodels\orbit-trace\x64\release\orbittrace.tlog\cl.write.1.tlog
e:\work\modelling framework\submodels\orbit-trace\x64\release\orbittrace.tlog\link.command.1.tlog
e:\work\modelling framework\submodels\orbit-trace\x64\release\orbittrace.tlog\link.read.1.tlog
e:\work\modelling framework\submodels\orbit-trace\x64\release\orbittrace.tlog\link.write.1.tlog
e:\work\modelling framework\submodels\orbit-trace\x64\release\orbittrace.tlog\orbittrace.write.1u.tlog
