  OrbitTraceWrapper.cpp
  Note: including file: E:\Work\Modelling Framework\Modules\Collision_Algorithms\OrbitTrace.h
  Note: including file:  e:\work\modelling framework\modules\collision_algorithms\Collisions.h
  Note: including file:   e:\work\modelling framework\modules\collision_algorithms\CollisionPair.cuh
  Note: including file:    e:\work\modelling framework\modules\collision_algorithms\MOID\distlink.h
  Note: including file:    e:\work\modelling framework\modules\collision_algorithms\MOID\MOID.h
  Note: including file:    C:\Program Files\NVIDIA GPU Computing Toolkit\CUDA\v10.2\include\thrust\device_vector.h
  Note: including file:     C:\Program Files\NVIDIA GPU Computing Toolkit\CUDA\v10.2\include\thrust/detail/config.h
  Note: including file:      C:\Program Files\NVIDIA GPU Computing Toolkit\CUDA\v10.2\include\thrust/version.h
  Note: including file:      C:\Program Files\NVIDIA GPU Computing Toolkit\CUDA\v10.2\include\thrust/detail/config/config.h
  Note: including file:       C:\Program Files\NVIDIA GPU Computing Toolkit\CUDA\v10.2\include\thrust/detail/config/simple_defines.h
  Note: including file:       C:\Program Files\NVIDIA GPU Computing Toolkit\CUDA\v10.2\include\thrust/detail/config/compiler.h
  Note: including file:       C:\Program Files\NVIDIA GPU Computing Toolkit\CUDA\v10.2\include\thrust/detail/config/cpp_dialect.h
  Note: including file:       C:\Program Files\NVIDIA GPU Computing Toolkit\CUDA\v10.2\include\thrust/detail/config/cpp_compatibility.h
  Note: including file:       C:\Program Files\NVIDIA GPU Computing Toolkit\CUDA\v10.2\include\thrust/detail/config/host_system.h
  Note: including file:       C:\Program Files\NVIDIA GPU Computing Toolkit\CUDA\v10.2\include\thrust/detail/config/device_system.h
  Note: including file:       C:\Program Files\NVIDIA GPU Computing Toolkit\CUDA\v10.2\include\thrust/detail/config/host_device.h
  Note: including file:       C:\Program Files\NVIDIA GPU Computing Toolkit\CUDA\v10.2\include\thrust/detail/config/debug.h
  Note: including file:       C:\Program Files\NVIDIA GPU Computing Toolkit\CUDA\v10.2\include\thrust/detail/config/forceinline.h
  Note: including file:       C:\Program Files\NVIDIA GPU Computing Toolkit\CUDA\v10.2\include\thrust/detail/config/exec_check_disable.h
  Note: including file:       C:\Program Files\NVIDIA GPU Computing Toolkit\CUDA\v10.2\include\thrust/detail/config/global_workarounds.h
  Note: including file:     C:\Program Files\NVIDIA GPU Computing Toolkit\CUDA\v10.2\include\thrust/detail/vector_base.h
  Note: including file:      C:\Program Files\NVIDIA GPU Computing Toolkit\CUDA\v10.2\include\thrust/iterator/detail/normal_iterator.h
  Note: including file:       C:\Program Files\NVIDIA GPU Computing Toolkit\CUDA\v10.2\include\thrust/iterator/iterator_adaptor.h
  Note: including file:        C:\Program Files\NVIDIA GPU Computing Toolkit\CUDA\v10.2\include\thrust/iterator/iterator_facade.h
  Note: including file:         C:\Program Files\NVIDIA GPU Computing Toolkit\CUDA\v10.2\include\thrust/detail/type_traits.h
  Note: including file:          C:\Program Files\NVIDIA GPU Computing Toolkit\CUDA\v10.2\include\thrust/detail/type_traits/has_trivial_assign.h
  Note: including file:         C:\Program Files\NVIDIA GPU Computing Toolkit\CUDA\v10.2\include\thrust/iterator/detail/iterator_facade_category.h
  Note: including file:          C:\Program Files\NVIDIA GPU Computing Toolkit\CUDA\v10.2\include\thrust/iterator/detail/host_system_tag.h
  Note: including file:           C:\Program Files\NVIDIA GPU Computing Toolkit\CUDA\v10.2\include\thrust/system/cpp/detail/execution_policy.h
  Note: including file:            C:\Program Files\NVIDIA GPU Computing Toolkit\CUDA\v10.2\include\thrust/system/detail/sequential/execution_policy.h
  Note: including file:             C:\Program Files\NVIDIA GPU Computing Toolkit\CUDA\v10.2\include\thrust/detail/execution_policy.h
  Note: including file:          C:\Program Files\NVIDIA GPU Computing Toolkit\CUDA\v10.2\include\thrust/iterator/detail/device_system_tag.h
  Note: including file:           C:\Program Files\NVIDIA GPU Computing Toolkit\CUDA\v10.2\include\thrust/system/cuda/detail/execution_policy.h
  Note: including file:            C:\Program Files\NVIDIA GPU Computing Toolkit\CUDA\v10.2\include\thrust/iterator/detail/any_system_tag.h
  Note: including file:            C:\Program Files\NVIDIA GPU Computing Toolkit\CUDA\v10.2\include\thrust/system/cuda/config.h
  Note: including file:            C:\Program Files\NVIDIA GPU Computing Toolkit\CUDA\v10.2\include\thrust/detail/allocator_aware_execution_policy.h
  Note: including file:             C:\Program Files\NVIDIA GPU Computing Toolkit\CUDA\v10.2\include\thrust/detail/execute_with_allocator_fwd.h
  Note: including file:             C:\Program Files\NVIDIA GPU Computing Toolkit\CUDA\v10.2\include\thrust/detail/alignment.h
  Note: including file:          C:\Program Files\NVIDIA GPU Computing Toolkit\CUDA\v10.2\include\thrust/iterator/iterator_categories.h
  Note: including file:           C:\Program Files\NVIDIA GPU Computing Toolkit\CUDA\v10.2\include\thrust/iterator/detail/iterator_category_with_system_and_traversal.h
  Note: including file:           C:\Program Files\NVIDIA GPU Computing Toolkit\CUDA\v10.2\include\thrust/iterator/detail/iterator_traversal_tags.h
  Note: including file:           C:\Program Files\NVIDIA GPU Computing Toolkit\CUDA\v10.2\include\thrust/iterator/detail/universal_categories.h
  Note: including file:          C:\Program Files\NVIDIA GPU Computing Toolkit\CUDA\v10.2\include\thrust/iterator/detail/is_iterator_category.h
  Note: including file:          C:\Program Files\NVIDIA GPU Computing Toolkit\CUDA\v10.2\include\thrust/iterator/detail/iterator_category_to_traversal.h
  Note: including file:           C:\Program Files\NVIDIA GPU Computing Toolkit\CUDA\v10.2\include\thrust/iterator/detail/iterator_category_to_system.h
  Note: including file:         C:\Program Files\NVIDIA GPU Computing Toolkit\CUDA\v10.2\include\thrust/iterator/detail/distance_from_result.h
  Note: including file:        C:\Program Files\NVIDIA GPU Computing Toolkit\CUDA\v10.2\include\thrust/detail/use_default.h
  Note: including file:        C:\Program Files\NVIDIA GPU Computing Toolkit\CUDA\v10.2\include\thrust/iterator/detail/iterator_adaptor_base.h
  Note: including file:         C:\Program Files\NVIDIA GPU Computing Toolkit\CUDA\v10.2\include\thrust/iterator/iterator_traits.h
  Note: including file:          C:\Program Files\NVIDIA GPU Computing Toolkit\CUDA\v10.2\include\thrust/type_traits/void_t.h
  Note: including file:          C:\Program Files\NVIDIA GPU Computing Toolkit\CUDA\v10.2\include\thrust/iterator/detail/iterator_traits.inl
  Note: including file:       C:\Program Files\NVIDIA GPU Computing Toolkit\CUDA\v10.2\include\thrust/type_traits/is_contiguous_iterator.h
  Note: including file:        C:\Program Files\NVIDIA GPU Computing Toolkit\CUDA\v10.2\include\thrust/detail/type_traits/pointer_traits.h
  Note: including file:         C:\Program Files\NVIDIA GPU Computing Toolkit\CUDA\v10.2\include\thrust/detail/type_traits/is_metafunction_defined.h
  Note: including file:          C:\Program Files\NVIDIA GPU Computing Toolkit\CUDA\v10.2\include\thrust/detail/type_traits/has_nested_type.h
  Note: including file:        C:\Program Files (x86)\Microsoft Visual Studio\2017\Enterprise\VC\Tools\MSVC\14.10.25017\include\array
  Note: including file:      C:\Program Files\NVIDIA GPU Computing Toolkit\CUDA\v10.2\include\thrust/iterator/reverse_iterator.h
  Note: including file:       C:\Program Files\NVIDIA GPU Computing Toolkit\CUDA\v10.2\include\thrust/iterator/detail/reverse_iterator_base.h
  Note: including file:       C:\Program Files\NVIDIA GPU Computing Toolkit\CUDA\v10.2\include\thrust/iterator/detail/reverse_iterator.inl
  Note: including file:      C:\Program Files\NVIDIA GPU Computing Toolkit\CUDA\v10.2\include\thrust/detail/contiguous_storage.h
  Note: including file:       C:\Program Files\NVIDIA GPU Computing Toolkit\CUDA\v10.2\include\thrust/detail/allocator/allocator_traits.h
  Note: including file:        C:\Program Files\NVIDIA GPU Computing Toolkit\CUDA\v10.2\include\thrust/detail/type_traits/has_member_function.h
  Note: including file:        C:\Program Files\NVIDIA GPU Computing Toolkit\CUDA\v10.2\include\thrust/detail/allocator/allocator_traits.inl
  Note: including file:         C:\Program Files\NVIDIA GPU Computing Toolkit\CUDA\v10.2\include\thrust/detail/type_traits/is_call_possible.h
  Note: including file:         C:\Program Files\NVIDIA GPU Computing Toolkit\CUDA\v10.2\include\thrust/detail/integer_traits.h
  Note: including file:       C:\Program Files\NVIDIA GPU Computing Toolkit\CUDA\v10.2\include\thrust/detail/contiguous_storage.inl
  Note: including file:        C:\Program Files\NVIDIA GPU Computing Toolkit\CUDA\v10.2\include\thrust/detail/swap.h
  Note: including file:        C:\Program Files\NVIDIA GPU Computing Toolkit\CUDA\v10.2\include\thrust/detail/allocator/copy_construct_range.h
  Note: including file:         C:\Program Files\NVIDIA GPU Computing Toolkit\CUDA\v10.2\include\thrust/detail/allocator/copy_construct_range.inl
  Note: including file:          C:\Program Files\NVIDIA GPU Computing Toolkit\CUDA\v10.2\include\thrust/detail/copy.h
  Note: including file:           C:\Program Files\NVIDIA GPU Computing Toolkit\CUDA\v10.2\include\thrust/detail/copy.inl
  Note: including file:            C:\Program Files\NVIDIA GPU Computing Toolkit\CUDA\v10.2\include\thrust/system/detail/generic/select_system.h
  Note: including file:             C:\Program Files\NVIDIA GPU Computing Toolkit\CUDA\v10.2\include\thrust/iterator/detail/minimum_system.h
  Note: including file:              C:\Program Files\NVIDIA GPU Computing Toolkit\CUDA\v10.2\include\thrust/detail/type_traits/minimum_type.h
  Note: including file:             C:\Program Files\NVIDIA GPU Computing Toolkit\CUDA\v10.2\include\thrust/system/detail/generic/select_system.inl
  Note: including file:              C:\Program Files\NVIDIA GPU Computing Toolkit\CUDA\v10.2\include\thrust/system/detail/generic/select_system_exists.h
  Note: including file:            C:\Program Files\NVIDIA GPU Computing Toolkit\CUDA\v10.2\include\thrust/system/detail/generic/copy.h
  Note: including file:             C:\Program Files\NVIDIA GPU Computing Toolkit\CUDA\v10.2\include\thrust/system/detail/generic/tag.h
  Note: including file:             C:\Program Files\NVIDIA GPU Computing Toolkit\CUDA\v10.2\include\thrust/system/detail/generic/copy.inl
  Note: including file:              C:\Program Files\NVIDIA GPU Computing Toolkit\CUDA\v10.2\include\thrust/functional.h
  Note: including file:               C:\Program Files\NVIDIA GPU Computing Toolkit\CUDA\v10.2\include\thrust/detail/functional/placeholder.h
  Note: including file:                C:\Program Files\NVIDIA GPU Computing Toolkit\CUDA\v10.2\include\thrust/detail/functional/actor.h
  Note: including file:                 C:\Program Files\NVIDIA GPU Computing Toolkit\CUDA\v10.2\include\thrust/tuple.h
  Note: including file:                  C:\Program Files\NVIDIA GPU Computing Toolkit\CUDA\v10.2\include\thrust/detail/tuple.inl
  Note: including file:                  C:\Program Files\NVIDIA GPU Computing Toolkit\CUDA\v10.2\include\thrust/pair.h
  Note: including file:                   C:\Program Files\NVIDIA GPU Computing Toolkit\CUDA\v10.2\include\thrust/detail/pair.inl
  Note: including file:                 C:\Program Files\NVIDIA GPU Computing Toolkit\CUDA\v10.2\include\thrust/detail/functional/value.h
  Note: including file:                 C:\Program Files\NVIDIA GPU Computing Toolkit\CUDA\v10.2\include\thrust/detail/functional/composite.h
  Note: including file:                 C:\Program Files\NVIDIA GPU Computing Toolkit\CUDA\v10.2\include\thrust/detail/functional/operators/assignment_operator.h
  Note: including file:                  C:\Program Files\NVIDIA GPU Computing Toolkit\CUDA\v10.2\include\thrust/detail/functional/operators/operator_adaptors.h
  Note: including file:                 C:\Program Files\NVIDIA GPU Computing Toolkit\CUDA\v10.2\include\thrust/detail/type_traits/result_of_adaptable_function.h
  Note: including file:                  C:\Program Files\NVIDIA GPU Computing Toolkit\CUDA\v10.2\include\thrust/detail/type_traits/function_traits.h
  Note: including file:                 C:\Program Files\NVIDIA GPU Computing Toolkit\CUDA\v10.2\include\thrust/detail/functional/actor.inl
  Note: including file:                C:\Program Files\NVIDIA GPU Computing Toolkit\CUDA\v10.2\include\thrust/detail/functional/argument.h
  Note: including file:               C:\Program Files\NVIDIA GPU Computing Toolkit\CUDA\v10.2\include\thrust/detail/functional.inl
  Note: including file:               C:\Program Files\NVIDIA GPU Computing Toolkit\CUDA\v10.2\include\thrust/detail/functional/operators.h
  Note: including file:                C:\Program Files\NVIDIA GPU Computing Toolkit\CUDA\v10.2\include\thrust/detail/functional/operators/arithmetic_operators.h
  Note: including file:                C:\Program Files\NVIDIA GPU Computing Toolkit\CUDA\v10.2\include\thrust/detail/functional/operators/relational_operators.h
  Note: including file:                C:\Program Files\NVIDIA GPU Computing Toolkit\CUDA\v10.2\include\thrust/detail/functional/operators/logical_operators.h
  Note: including file:                C:\Program Files\NVIDIA GPU Computing Toolkit\CUDA\v10.2\include\thrust/detail/functional/operators/bitwise_operators.h
  Note: including file:                C:\Program Files\NVIDIA GPU Computing Toolkit\CUDA\v10.2\include\thrust/detail/functional/operators/compound_assignment_operators.h
  Note: including file:              C:\Program Files\NVIDIA GPU Computing Toolkit\CUDA\v10.2\include\thrust/detail/internal_functional.h
  Note: including file:               C:\Program Files\NVIDIA GPU Computing Toolkit\CUDA\v10.2\include\thrust/iterator/detail/tuple_of_iterator_references.h
  Note: including file:                C:\Program Files\NVIDIA GPU Computing Toolkit\CUDA\v10.2\include\thrust/detail/reference_forward_declaration.h
  Note: including file:               C:\Program Files\NVIDIA GPU Computing Toolkit\CUDA\v10.2\include\thrust/detail/raw_reference_cast.h
  Note: including file:                C:\Program Files\NVIDIA GPU Computing Toolkit\CUDA\v10.2\include\thrust/detail/raw_pointer_cast.h
  Note: including file:                C:\Program Files\NVIDIA GPU Computing Toolkit\CUDA\v10.2\include\thrust/detail/tuple_transform.h
  Note: including file:                 C:\Program Files\NVIDIA GPU Computing Toolkit\CUDA\v10.2\include\thrust/detail/tuple_meta_transform.h
  Note: including file:              C:\Program Files\NVIDIA GPU Computing Toolkit\CUDA\v10.2\include\thrust/transform.h
  Note: including file:               C:\Program Files\NVIDIA GPU Computing Toolkit\CUDA\v10.2\include\thrust/detail/transform.inl
  Note: including file:                C:\Program Files\NVIDIA GPU Computing Toolkit\CUDA\v10.2\include\thrust/system/detail/generic/transform.h
  Note: including file:                 C:\Program Files\NVIDIA GPU Computing Toolkit\CUDA\v10.2\include\thrust/system/detail/generic/transform.inl
  Note: including file:                  C:\Program Files\NVIDIA GPU Computing Toolkit\CUDA\v10.2\include\thrust/for_each.h
  Note: including file:                   C:\Program Files\NVIDIA GPU Computing Toolkit\CUDA\v10.2\include\thrust/detail/for_each.inl
  Note: including file:                    C:\Program Files\NVIDIA GPU Computing Toolkit\CUDA\v10.2\include\thrust/system/detail/generic/for_each.h
  Note: including file:                     C:\Program Files\NVIDIA GPU Computing Toolkit\CUDA\v10.2\include\thrust/detail/static_assert.h
  Note: including file:                      C:\Program Files\NVIDIA GPU Computing Toolkit\CUDA\v10.2\include\thrust/detail/preprocessor.h
  Note: including file:                    C:\Program Files\NVIDIA GPU Computing Toolkit\CUDA\v10.2\include\thrust/system/detail/adl/for_each.h
  Note: including file:                     C:\Program Files\NVIDIA GPU Computing Toolkit\CUDA\v10.2\include\thrust/system/detail/sequential/for_each.h
  Note: including file:                      C:\Program Files\NVIDIA GPU Computing Toolkit\CUDA\v10.2\include\thrust/detail/function.h
  Note: including file:                     C:\Program Files\NVIDIA GPU Computing Toolkit\CUDA\v10.2\include\thrust/system/cpp/detail/for_each.h
  Note: including file:                     C:\Program Files\NVIDIA GPU Computing Toolkit\CUDA\v10.2\include\thrust/system/cuda/detail/for_each.h
  Note: including file:                  C:\Program Files\NVIDIA GPU Computing Toolkit\CUDA\v10.2\include\thrust/iterator/zip_iterator.h
  Note: including file:                   C:\Program Files\NVIDIA GPU Computing Toolkit\CUDA\v10.2\include\thrust/iterator/detail/zip_iterator_base.h
  Note: including file:                    C:\Program Files\NVIDIA GPU Computing Toolkit\CUDA\v10.2\include\thrust/iterator/detail/minimum_category.h
  Note: including file:                   C:\Program Files\NVIDIA GPU Computing Toolkit\CUDA\v10.2\include\thrust/iterator/detail/zip_iterator.inl
  Note: including file:                C:\Program Files\NVIDIA GPU Computing Toolkit\CUDA\v10.2\include\thrust/system/detail/adl/transform.h
  Note: including file:                 C:\Program Files\NVIDIA GPU Computing Toolkit\CUDA\v10.2\include\thrust/system/detail/sequential/transform.h
  Note: including file:                 C:\Program Files\NVIDIA GPU Computing Toolkit\CUDA\v10.2\include\thrust/system/cpp/detail/transform.h
  Note: including file:                 C:\Program Files\NVIDIA GPU Computing Toolkit\CUDA\v10.2\include\thrust/system/cuda/detail/transform.h
  Note: including file:            C:\Program Files\NVIDIA GPU Computing Toolkit\CUDA\v10.2\include\thrust/system/detail/adl/copy.h
  Note: including file:             C:\Program Files\NVIDIA GPU Computing Toolkit\CUDA\v10.2\include\thrust/system/detail/sequential/copy.h
  Note: including file:              C:\Program Files\NVIDIA GPU Computing Toolkit\CUDA\v10.2\include\thrust/system/detail/sequential/copy.inl
  Note: including file:               C:\Program Files\NVIDIA GPU Computing Toolkit\CUDA\v10.2\include\thrust/system/detail/sequential/general_copy.h
  Note: including file:               C:\Program Files\NVIDIA GPU Computing Toolkit\CUDA\v10.2\include\thrust/system/detail/sequential/trivial_copy.h
  Note: including file:               C:\Program Files\NVIDIA GPU Computing Toolkit\CUDA\v10.2\include\thrust/type_traits/is_trivially_relocatable.h
  Note: including file:                C:\Program Files\NVIDIA GPU Computing Toolkit\CUDA\v10.2\include\thrust/system/cuda/detail/guarded_cuda_runtime_api.h
  Note: including file:                 C:\Program Files\NVIDIA GPU Computing Toolkit\CUDA\v10.2\include\cuda_runtime_api.h
  Note: including file:                  c:\program files\nvidia gpu computing toolkit\cuda\v10.2\include\crt/host_defines.h
  Note: including file:                  c:\program files\nvidia gpu computing toolkit\cuda\v10.2\include\builtin_types.h
  Note: including file:                   c:\program files\nvidia gpu computing toolkit\cuda\v10.2\include\device_types.h
  Note: including file:                    c:\program files\nvidia gpu computing toolkit\cuda\v10.2\include\crt/host_defines.h
  Note: including file:                   c:\program files\nvidia gpu computing toolkit\cuda\v10.2\include\driver_types.h
  Note: including file:                    c:\program files\nvidia gpu computing toolkit\cuda\v10.2\include\crt/host_defines.h
  Note: including file:                    c:\program files\nvidia gpu computing toolkit\cuda\v10.2\include\vector_types.h
  Note: including file:                     c:\program files\nvidia gpu computing toolkit\cuda\v10.2\include\crt/host_defines.h
  Note: including file:                   c:\program files\nvidia gpu computing toolkit\cuda\v10.2\include\surface_types.h
  Note: including file:                    c:\program files\nvidia gpu computing toolkit\cuda\v10.2\include\driver_types.h
  Note: including file:                   c:\program files\nvidia gpu computing toolkit\cuda\v10.2\include\texture_types.h
  Note: including file:                    c:\program files\nvidia gpu computing toolkit\cuda\v10.2\include\driver_types.h
  Note: including file:                   c:\program files\nvidia gpu computing toolkit\cuda\v10.2\include\vector_types.h
  Note: including file:                  c:\program files\nvidia gpu computing toolkit\cuda\v10.2\include\cuda_device_runtime_api.h
  Note: including file:             C:\Program Files\NVIDIA GPU Computing Toolkit\CUDA\v10.2\include\thrust/system/cpp/detail/copy.h
  Note: including file:             C:\Program Files\NVIDIA GPU Computing Toolkit\CUDA\v10.2\include\thrust/system/cuda/detail/copy.h
  Note: including file:              C:\Program Files\NVIDIA GPU Computing Toolkit\CUDA\v10.2\include\thrust/system/cuda/detail/cross_system.h
  Note: including file:              C:\Program Files\NVIDIA GPU Computing Toolkit\CUDA\v10.2\include\thrust/system/cuda/detail/internal/copy_device_to_device.h
  Note: including file:              C:\Program Files\NVIDIA GPU Computing Toolkit\CUDA\v10.2\include\thrust/system/cuda/detail/internal/copy_cross_system.h
  Note: including file:               C:\Program Files\NVIDIA GPU Computing Toolkit\CUDA\v10.2\include\thrust/distance.h
  Note: including file:                C:\Program Files\NVIDIA GPU Computing Toolkit\CUDA\v10.2\include\thrust/detail/distance.inl
  Note: including file:                 C:\Program Files\NVIDIA GPU Computing Toolkit\CUDA\v10.2\include\thrust/advance.h
  Note: including file:                  C:\Program Files\NVIDIA GPU Computing Toolkit\CUDA\v10.2\include\thrust/detail/advance.inl
  Note: including file:                   C:\Program Files\NVIDIA GPU Computing Toolkit\CUDA\v10.2\include\thrust/system/detail/generic/advance.h
  Note: including file:                    C:\Program Files\NVIDIA GPU Computing Toolkit\CUDA\v10.2\include\thrust/system/detail/generic/advance.inl
  Note: including file:                 C:\Program Files\NVIDIA GPU Computing Toolkit\CUDA\v10.2\include\thrust/system/detail/generic/distance.h
  Note: including file:                  C:\Program Files\NVIDIA GPU Computing Toolkit\CUDA\v10.2\include\thrust/system/detail/generic/distance.inl
  Note: including file:               C:\Program Files\NVIDIA GPU Computing Toolkit\CUDA\v10.2\include\thrust/system/cuda/detail/uninitialized_copy.h
  Note: including file:               C:\Program Files\NVIDIA GPU Computing Toolkit\CUDA\v10.2\include\thrust/system/cuda/detail/util.h
  Note: including file:                C:\Program Files\NVIDIA GPU Computing Toolkit\CUDA\v10.2\include\thrust/system/cuda/detail/cub/util_arch.cuh
  Note: including file:                 c:\program files\nvidia gpu computing toolkit\cuda\v10.2\include\thrust\system\cuda\detail\cub\util_namespace.cuh
  Note: including file:                C:\Program Files\NVIDIA GPU Computing Toolkit\CUDA\v10.2\include\thrust/system_error.h
  Note: including file:                 C:\Program Files\NVIDIA GPU Computing Toolkit\CUDA\v10.2\include\thrust/system/error_code.h
  Note: including file:                  C:\Program Files\NVIDIA GPU Computing Toolkit\CUDA\v10.2\include\thrust/system/detail/errno.h
  Note: including file:                  C:\Program Files\NVIDIA GPU Computing Toolkit\CUDA\v10.2\include\thrust/system/detail/error_category.inl
  Note: including file:                  C:\Program Files\NVIDIA GPU Computing Toolkit\CUDA\v10.2\include\thrust/system/detail/error_code.inl
  Note: including file:                  C:\Program Files\NVIDIA GPU Computing Toolkit\CUDA\v10.2\include\thrust/system/detail/error_condition.inl
  Note: including file:                 C:\Program Files\NVIDIA GPU Computing Toolkit\CUDA\v10.2\include\thrust/system/system_error.h
  Note: including file:                  C:\Program Files\NVIDIA GPU Computing Toolkit\CUDA\v10.2\include\thrust/system/detail/system_error.inl
  Note: including file:                C:\Program Files\NVIDIA GPU Computing Toolkit\CUDA\v10.2\include\thrust/system/cuda/error.h
  Note: including file:                 C:\Program Files\NVIDIA GPU Computing Toolkit\CUDA\v10.2\include\thrust/system/cuda/detail/guarded_driver_types.h
  Note: including file:                  C:\Program Files\NVIDIA GPU Computing Toolkit\CUDA\v10.2\include\driver_types.h
  Note: including file:                 C:\Program Files\NVIDIA GPU Computing Toolkit\CUDA\v10.2\include\thrust/system/cuda/detail/error.inl
  Note: including file:               C:\Program Files\NVIDIA GPU Computing Toolkit\CUDA\v10.2\include\thrust/detail/temporary_array.h
  Note: including file:                C:\Program Files\NVIDIA GPU Computing Toolkit\CUDA\v10.2\include\thrust/iterator/detail/tagged_iterator.h
  Note: including file:                C:\Program Files\NVIDIA GPU Computing Toolkit\CUDA\v10.2\include\thrust/detail/allocator/temporary_allocator.h
  Note: including file:                 C:\Program Files\NVIDIA GPU Computing Toolkit\CUDA\v10.2\include\thrust/detail/allocator/tagged_allocator.h
  Note: including file:                  C:\Program Files\NVIDIA GPU Computing Toolkit\CUDA\v10.2\include\thrust/detail/allocator/tagged_allocator.inl
  Note: including file:                 C:\Program Files\NVIDIA GPU Computing Toolkit\CUDA\v10.2\include\thrust/memory.h
  Note: including file:                  C:\Program Files\NVIDIA GPU Computing Toolkit\CUDA\v10.2\include\thrust/detail/pointer.h
  Note: including file:                   C:\Program Files\NVIDIA GPU Computing Toolkit\CUDA\v10.2\include\thrust/detail/pointer.inl
  Note: including file:                  C:\Program Files\NVIDIA GPU Computing Toolkit\CUDA\v10.2\include\thrust/detail/reference.h
  Note: including file:                   C:\Program Files\NVIDIA GPU Computing Toolkit\CUDA\v10.2\include\thrust/detail/reference.inl
  Note: including file:                    C:\Program Files\NVIDIA GPU Computing Toolkit\CUDA\v10.2\include\thrust/system/detail/generic/memory.h
  Note: including file:                     C:\Program Files\NVIDIA GPU Computing Toolkit\CUDA\v10.2\include\thrust/system/detail/generic/memory.inl
  Note: including file:                      C:\Program Files\NVIDIA GPU Computing Toolkit\CUDA\v10.2\include\thrust/system/detail/adl/malloc_and_free.h
  Note: including file:                       C:\Program Files\NVIDIA GPU Computing Toolkit\CUDA\v10.2\include\thrust/system/detail/sequential/malloc_and_free.h
  Note: including file:                       C:\Program Files\NVIDIA GPU Computing Toolkit\CUDA\v10.2\include\thrust/system/cpp/detail/malloc_and_free.h
  Note: including file:                       C:\Program Files\NVIDIA GPU Computing Toolkit\CUDA\v10.2\include\thrust/system/cuda/detail/malloc_and_free.h
  Note: including file:                        C:\Program Files\NVIDIA GPU Computing Toolkit\CUDA\v10.2\include\thrust/detail/seq.h
  Note: including file:                        C:\Program Files\NVIDIA GPU Computing Toolkit\CUDA\v10.2\include\thrust/memory.h
  Note: including file:                         C:\Program Files\NVIDIA GPU Computing Toolkit\CUDA\v10.2\include\thrust/detail/malloc_and_free.h
  Note: including file:                         C:\Program Files\NVIDIA GPU Computing Toolkit\CUDA\v10.2\include\thrust/detail/temporary_buffer.h
  Note: including file:                          C:\Program Files\NVIDIA GPU Computing Toolkit\CUDA\v10.2\include\thrust/detail/execute_with_allocator.h
  Note: including file:                           C:\Program Files\NVIDIA GPU Computing Toolkit\CUDA\v10.2\include\thrust/detail/integer_math.h
  Note: including file:                          C:\Program Files\NVIDIA GPU Computing Toolkit\CUDA\v10.2\include\thrust/system/detail/generic/temporary_buffer.h
  Note: including file:                           C:\Program Files\NVIDIA GPU Computing Toolkit\CUDA\v10.2\include\thrust/system/detail/generic/temporary_buffer.inl
  Note: including file:                          C:\Program Files\NVIDIA GPU Computing Toolkit\CUDA\v10.2\include\thrust/system/detail/adl/temporary_buffer.h
  Note: including file:                           C:\Program Files\NVIDIA GPU Computing Toolkit\CUDA\v10.2\include\thrust/system/detail/sequential/temporary_buffer.h
  Note: including file:                           C:\Program Files\NVIDIA GPU Computing Toolkit\CUDA\v10.2\include\thrust/system/cpp/detail/temporary_buffer.h
  Note: including file:                           C:\Program Files\NVIDIA GPU Computing Toolkit\CUDA\v10.2\include\thrust/system/cuda/detail/temporary_buffer.h
  Note: including file:                        C:\Program Files\NVIDIA GPU Computing Toolkit\CUDA\v10.2\include\thrust/system/detail/bad_alloc.h
  Note: including file:                    C:\Program Files\NVIDIA GPU Computing Toolkit\CUDA\v10.2\include\thrust/system/detail/adl/get_value.h
  Note: including file:                     C:\Program Files\NVIDIA GPU Computing Toolkit\CUDA\v10.2\include\thrust/system/detail/sequential/get_value.h
  Note: including file:                     C:\Program Files\NVIDIA GPU Computing Toolkit\CUDA\v10.2\include\thrust/system/cpp/detail/get_value.h
  Note: including file:                     C:\Program Files\NVIDIA GPU Computing Toolkit\CUDA\v10.2\include\thrust/system/cuda/detail/get_value.h
  Note: including file:                    C:\Program Files\NVIDIA GPU Computing Toolkit\CUDA\v10.2\include\thrust/system/detail/adl/assign_value.h
  Note: including file:                     C:\Program Files\NVIDIA GPU Computing Toolkit\CUDA\v10.2\include\thrust/system/detail/sequential/assign_value.h
  Note: including file:                     C:\Program Files\NVIDIA GPU Computing Toolkit\CUDA\v10.2\include\thrust/system/cpp/detail/assign_value.h
  Note: including file:                     C:\Program Files\NVIDIA GPU Computing Toolkit\CUDA\v10.2\include\thrust/system/cuda/detail/assign_value.h
  Note: including file:                    C:\Program Files\NVIDIA GPU Computing Toolkit\CUDA\v10.2\include\thrust/system/detail/adl/iter_swap.h
  Note: including file:                     C:\Program Files\NVIDIA GPU Computing Toolkit\CUDA\v10.2\include\thrust/system/detail/sequential/iter_swap.h
  Note: including file:                     C:\Program Files\NVIDIA GPU Computing Toolkit\CUDA\v10.2\include\thrust/system/cpp/detail/iter_swap.h
  Note: including file:                     C:\Program Files\NVIDIA GPU Computing Toolkit\CUDA\v10.2\include\thrust/system/cuda/detail/iter_swap.h
  Note: including file:                 C:\Program Files\NVIDIA GPU Computing Toolkit\CUDA\v10.2\include\thrust/detail/allocator/temporary_allocator.inl
  Note: including file:                  C:\Program Files (x86)\Microsoft Visual Studio\2017\Enterprise\VC\Tools\MSVC\14.10.25017\include\cassert
  Note: including file:                   C:\Program Files (x86)\Windows Kits\10\Include\10.0.15063.0\ucrt\assert.h
  Note: including file:                C:\Program Files\NVIDIA GPU Computing Toolkit\CUDA\v10.2\include\thrust/detail/allocator/no_throw_allocator.h
  Note: including file:                C:\Program Files\NVIDIA GPU Computing Toolkit\CUDA\v10.2\include\thrust/detail/temporary_array.inl
  Note: including file:              C:\Program Files\NVIDIA GPU Computing Toolkit\CUDA\v10.2\include\thrust/system/cuda/detail/par_to_seq.h
  Note: including file:               C:\Program Files\NVIDIA GPU Computing Toolkit\CUDA\v10.2\include\thrust/system/cuda/detail/par.h
  Note: including file:              C:\Program Files\NVIDIA GPU Computing Toolkit\CUDA\v10.2\include\thrust/memory.h
  Note: including file:        C:\Program Files\NVIDIA GPU Computing Toolkit\CUDA\v10.2\include\thrust/detail/allocator/default_construct_range.h
  Note: including file:         C:\Program Files\NVIDIA GPU Computing Toolkit\CUDA\v10.2\include\thrust/detail/allocator/default_construct_range.inl
  Note: including file:          C:\Program Files\NVIDIA GPU Computing Toolkit\CUDA\v10.2\include\thrust/uninitialized_fill.h
  Note: including file:           C:\Program Files\NVIDIA GPU Computing Toolkit\CUDA\v10.2\include\thrust/detail/uninitialized_fill.inl
  Note: including file:            C:\Program Files\NVIDIA GPU Computing Toolkit\CUDA\v10.2\include\thrust/system/detail/generic/uninitialized_fill.h
  Note: including file:             C:\Program Files\NVIDIA GPU Computing Toolkit\CUDA\v10.2\include\thrust/system/detail/generic/uninitialized_fill.inl
  Note: including file:              C:\Program Files\NVIDIA GPU Computing Toolkit\CUDA\v10.2\include\thrust/fill.h
  Note: including file:               C:\Program Files\NVIDIA GPU Computing Toolkit\CUDA\v10.2\include\thrust/detail/fill.inl
  Note: including file:                C:\Program Files\NVIDIA GPU Computing Toolkit\CUDA\v10.2\include\thrust/system/detail/generic/fill.h
  Note: including file:                 C:\Program Files\NVIDIA GPU Computing Toolkit\CUDA\v10.2\include\thrust/generate.h
  Note: including file:                  C:\Program Files\NVIDIA GPU Computing Toolkit\CUDA\v10.2\include\thrust/detail/generate.inl
  Note: including file:                   C:\Program Files\NVIDIA GPU Computing Toolkit\CUDA\v10.2\include\thrust/system/detail/generic/generate.h
  Note: including file:                    C:\Program Files\NVIDIA GPU Computing Toolkit\CUDA\v10.2\include\thrust/system/detail/generic/generate.inl
  Note: including file:                   C:\Program Files\NVIDIA GPU Computing Toolkit\CUDA\v10.2\include\thrust/system/detail/adl/generate.h
  Note: including file:                    C:\Program Files\NVIDIA GPU Computing Toolkit\CUDA\v10.2\include\thrust/system/detail/sequential/generate.h
  Note: including file:                    C:\Program Files\NVIDIA GPU Computing Toolkit\CUDA\v10.2\include\thrust/system/cpp/detail/generate.h
  Note: including file:                    C:\Program Files\NVIDIA GPU Computing Toolkit\CUDA\v10.2\include\thrust/system/cuda/detail/generate.h
  Note: including file:                C:\Program Files\NVIDIA GPU Computing Toolkit\CUDA\v10.2\include\thrust/system/detail/adl/fill.h
  Note: including file:                 C:\Program Files\NVIDIA GPU Computing Toolkit\CUDA\v10.2\include\thrust/system/detail/sequential/fill.h
  Note: including file:                 C:\Program Files\NVIDIA GPU Computing Toolkit\CUDA\v10.2\include\thrust/system/cpp/detail/fill.h
  Note: including file:                 C:\Program Files\NVIDIA GPU Computing Toolkit\CUDA\v10.2\include\thrust/system/cuda/detail/fill.h
  Note: including file:            C:\Program Files\NVIDIA GPU Computing Toolkit\CUDA\v10.2\include\thrust/system/detail/adl/uninitialized_fill.h
  Note: including file:             C:\Program Files\NVIDIA GPU Computing Toolkit\CUDA\v10.2\include\thrust/system/detail/sequential/uninitialized_fill.h
  Note: including file:             C:\Program Files\NVIDIA GPU Computing Toolkit\CUDA\v10.2\include\thrust/system/cpp/detail/uninitialized_fill.h
  Note: including file:             C:\Program Files\NVIDIA GPU Computing Toolkit\CUDA\v10.2\include\thrust/system/cuda/detail/uninitialized_fill.h
  Note: including file:        C:\Program Files\NVIDIA GPU Computing Toolkit\CUDA\v10.2\include\thrust/detail/allocator/destroy_range.h
  Note: including file:         C:\Program Files\NVIDIA GPU Computing Toolkit\CUDA\v10.2\include\thrust/detail/allocator/destroy_range.inl
  Note: including file:        C:\Program Files\NVIDIA GPU Computing Toolkit\CUDA\v10.2\include\thrust/detail/allocator/fill_construct_range.h
  Note: including file:         C:\Program Files\NVIDIA GPU Computing Toolkit\CUDA\v10.2\include\thrust/detail/allocator/fill_construct_range.inl
  Note: including file:      C:\Program Files\NVIDIA GPU Computing Toolkit\CUDA\v10.2\include\thrust/detail/vector_base.inl
  Note: including file:       C:\Program Files\NVIDIA GPU Computing Toolkit\CUDA\v10.2\include\thrust/detail/overlapped_copy.h
  Note: including file:       C:\Program Files\NVIDIA GPU Computing Toolkit\CUDA\v10.2\include\thrust/equal.h
  Note: including file:        C:\Program Files\NVIDIA GPU Computing Toolkit\CUDA\v10.2\include\thrust/detail/equal.inl
  Note: including file:         C:\Program Files\NVIDIA GPU Computing Toolkit\CUDA\v10.2\include\thrust/system/detail/generic/equal.h
  Note: including file:          C:\Program Files\NVIDIA GPU Computing Toolkit\CUDA\v10.2\include\thrust/system/detail/generic/equal.inl
  Note: including file:           C:\Program Files\NVIDIA GPU Computing Toolkit\CUDA\v10.2\include\thrust/mismatch.h
  Note: including file:            C:\Program Files\NVIDIA GPU Computing Toolkit\CUDA\v10.2\include\thrust/detail/mismatch.inl
  Note: including file:             C:\Program Files\NVIDIA GPU Computing Toolkit\CUDA\v10.2\include\thrust/system/detail/generic/mismatch.h
  Note: including file:              C:\Program Files\NVIDIA GPU Computing Toolkit\CUDA\v10.2\include\thrust/system/detail/generic/mismatch.inl
  Note: including file:               C:\Program Files\NVIDIA GPU Computing Toolkit\CUDA\v10.2\include\thrust/find.h
  Note: including file:                C:\Program Files\NVIDIA GPU Computing Toolkit\CUDA\v10.2\include\thrust/detail/find.inl
  Note: including file:                 C:\Program Files\NVIDIA GPU Computing Toolkit\CUDA\v10.2\include\thrust/system/detail/generic/find.h
  Note: including file:                  C:\Program Files\NVIDIA GPU Computing Toolkit\CUDA\v10.2\include\thrust/system/detail/generic/find.inl
  Note: including file:                   C:\Program Files\NVIDIA GPU Computing Toolkit\CUDA\v10.2\include\thrust/reduce.h
  Note: including file:                    C:\Program Files\NVIDIA GPU Computing Toolkit\CUDA\v10.2\include\thrust/detail/reduce.inl
  Note: including file:                     C:\Program Files\NVIDIA GPU Computing Toolkit\CUDA\v10.2\include\thrust/system/detail/generic/reduce.h
  Note: including file:                      C:\Program Files\NVIDIA GPU Computing Toolkit\CUDA\v10.2\include\thrust/system/detail/generic/reduce.inl
  Note: including file:                     C:\Program Files\NVIDIA GPU Computing Toolkit\CUDA\v10.2\include\thrust/system/detail/generic/reduce_by_key.h
  Note: including file:                      C:\Program Files\NVIDIA GPU Computing Toolkit\CUDA\v10.2\include\thrust/system/detail/generic/reduce_by_key.inl
  Note: including file:                       C:\Program Files\NVIDIA GPU Computing Toolkit\CUDA\v10.2\include\thrust/detail/type_traits/iterator/is_output_iterator.h
  Note: including file:                        C:\Program Files\NVIDIA GPU Computing Toolkit\CUDA\v10.2\include\thrust/iterator/detail/any_assign.h
  Note: including file:                       C:\Program Files\NVIDIA GPU Computing Toolkit\CUDA\v10.2\include\thrust/scatter.h
  Note: including file:                        C:\Program Files\NVIDIA GPU Computing Toolkit\CUDA\v10.2\include\thrust/detail/scatter.inl
  Note: including file:                         C:\Program Files\NVIDIA GPU Computing Toolkit\CUDA\v10.2\include\thrust/system/detail/generic/scatter.h
  Note: including file:                          C:\Program Files\NVIDIA GPU Computing Toolkit\CUDA\v10.2\include\thrust/system/detail/generic/scatter.inl
  Note: including file:                           C:\Program Files\NVIDIA GPU Computing Toolkit\CUDA\v10.2\include\thrust/iterator/permutation_iterator.h
  Note: including file:                            C:\Program Files\NVIDIA GPU Computing Toolkit\CUDA\v10.2\include\thrust/iterator/detail/permutation_iterator_base.h
  Note: including file:                         C:\Program Files\NVIDIA GPU Computing Toolkit\CUDA\v10.2\include\thrust/system/detail/adl/scatter.h
  Note: including file:                          C:\Program Files\NVIDIA GPU Computing Toolkit\CUDA\v10.2\include\thrust/system/detail/sequential/scatter.h
  Note: including file:                          C:\Program Files\NVIDIA GPU Computing Toolkit\CUDA\v10.2\include\thrust/system/cpp/detail/scatter.h
  Note: including file:                          C:\Program Files\NVIDIA GPU Computing Toolkit\CUDA\v10.2\include\thrust/system/cuda/detail/scatter.h
  Note: including file:                       C:\Program Files\NVIDIA GPU Computing Toolkit\CUDA\v10.2\include\thrust/scan.h
  Note: including file:                        C:\Program Files\NVIDIA GPU Computing Toolkit\CUDA\v10.2\include\thrust/detail/scan.inl
  Note: including file:                         C:\Program Files\NVIDIA GPU Computing Toolkit\CUDA\v10.2\include\thrust/system/detail/generic/scan.h
  Note: including file:                          C:\Program Files\NVIDIA GPU Computing Toolkit\CUDA\v10.2\include\thrust/system/detail/generic/scan.inl
  Note: including file:                         C:\Program Files\NVIDIA GPU Computing Toolkit\CUDA\v10.2\include\thrust/system/detail/generic/scan_by_key.h
  Note: including file:                          C:\Program Files\NVIDIA GPU Computing Toolkit\CUDA\v10.2\include\thrust/system/detail/generic/scan_by_key.inl
  Note: including file:                           C:\Program Files\NVIDIA GPU Computing Toolkit\CUDA\v10.2\include\thrust/replace.h
  Note: including file:                            C:\Program Files\NVIDIA GPU Computing Toolkit\CUDA\v10.2\include\thrust/detail/replace.inl
  Note: including file:                             C:\Program Files\NVIDIA GPU Computing Toolkit\CUDA\v10.2\include\thrust/system/detail/generic/replace.h
  Note: including file:                              C:\Program Files\NVIDIA GPU Computing Toolkit\CUDA\v10.2\include\thrust/system/detail/generic/replace.inl
  Note: including file:                             C:\Program Files\NVIDIA GPU Computing Toolkit\CUDA\v10.2\include\thrust/system/detail/adl/replace.h
  Note: including file:                              C:\Program Files\NVIDIA GPU Computing Toolkit\CUDA\v10.2\include\thrust/system/detail/sequential/replace.h
  Note: including file:                              C:\Program Files\NVIDIA GPU Computing Toolkit\CUDA\v10.2\include\thrust/system/cpp/detail/replace.h
  Note: including file:                              C:\Program Files\NVIDIA GPU Computing Toolkit\CUDA\v10.2\include\thrust/system/cuda/detail/replace.h
  Note: including file:                         C:\Program Files\NVIDIA GPU Computing Toolkit\CUDA\v10.2\include\thrust/system/detail/adl/scan.h
  Note: including file:                          C:\Program Files\NVIDIA GPU Computing Toolkit\CUDA\v10.2\include\thrust/system/detail/sequential/scan.h
  Note: including file:                          C:\Program Files\NVIDIA GPU Computing Toolkit\CUDA\v10.2\include\thrust/system/cpp/detail/scan.h
  Note: including file:                          C:\Program Files\NVIDIA GPU Computing Toolkit\CUDA\v10.2\include\thrust/system/cuda/detail/scan.h
  Note: including file:                         C:\Program Files\NVIDIA GPU Computing Toolkit\CUDA\v10.2\include\thrust/system/detail/adl/scan_by_key.h
  Note: including file:                          C:\Program Files\NVIDIA GPU Computing Toolkit\CUDA\v10.2\include\thrust/system/detail/sequential/scan_by_key.h
  Note: including file:                          C:\Program Files\NVIDIA GPU Computing Toolkit\CUDA\v10.2\include\thrust/system/cpp/detail/scan_by_key.h
  Note: including file:                          C:\Program Files\NVIDIA GPU Computing Toolkit\CUDA\v10.2\include\thrust/system/cuda/detail/scan_by_key.h
  Note: including file:                     C:\Program Files\NVIDIA GPU Computing Toolkit\CUDA\v10.2\include\thrust/system/detail/adl/reduce.h
  Note: including file:                      C:\Program Files\NVIDIA GPU Computing Toolkit\CUDA\v10.2\include\thrust/system/detail/sequential/reduce.h
  Note: including file:                      C:\Program Files\NVIDIA GPU Computing Toolkit\CUDA\v10.2\include\thrust/system/cpp/detail/reduce.h
  Note: including file:                      C:\Program Files\NVIDIA GPU Computing Toolkit\CUDA\v10.2\include\thrust/system/cuda/detail/reduce.h
  Note: including file:                     C:\Program Files\NVIDIA GPU Computing Toolkit\CUDA\v10.2\include\thrust/system/detail/adl/reduce_by_key.h
  Note: including file:                      C:\Program Files\NVIDIA GPU Computing Toolkit\CUDA\v10.2\include\thrust/system/detail/sequential/reduce_by_key.h
  Note: including file:                       C:\Program Files\NVIDIA GPU Computing Toolkit\CUDA\v10.2\include\thrust/detail/type_traits/algorithm/intermediate_type_from_function_and_iterators.h
  Note: including file:                      C:\Program Files\NVIDIA GPU Computing Toolkit\CUDA\v10.2\include\thrust/system/cpp/detail/reduce_by_key.h
  Note: including file:                      C:\Program Files\NVIDIA GPU Computing Toolkit\CUDA\v10.2\include\thrust/system/cuda/detail/reduce_by_key.h
  Note: including file:                   C:\Program Files\NVIDIA GPU Computing Toolkit\CUDA\v10.2\include\thrust/detail/minmax.h
  Note: including file:                   C:\Program Files\NVIDIA GPU Computing Toolkit\CUDA\v10.2\include\thrust/iterator/counting_iterator.h
  Note: including file:                    C:\Program Files\NVIDIA GPU Computing Toolkit\CUDA\v10.2\include\thrust/iterator/detail/counting_iterator.inl
  Note: including file:                     C:\Program Files\NVIDIA GPU Computing Toolkit\CUDA\v10.2\include\thrust/detail/numeric_traits.h
  Note: including file:                   C:\Program Files\NVIDIA GPU Computing Toolkit\CUDA\v10.2\include\thrust/iterator/transform_iterator.h
  Note: including file:                    C:\Program Files\NVIDIA GPU Computing Toolkit\CUDA\v10.2\include\thrust/iterator/detail/transform_iterator.inl
  Note: including file:                 C:\Program Files\NVIDIA GPU Computing Toolkit\CUDA\v10.2\include\thrust/system/detail/adl/find.h
  Note: including file:                  C:\Program Files\NVIDIA GPU Computing Toolkit\CUDA\v10.2\include\thrust/system/detail/sequential/find.h
  Note: including file:                  C:\Program Files\NVIDIA GPU Computing Toolkit\CUDA\v10.2\include\thrust/system/cpp/detail/find.h
  Note: including file:                  C:\Program Files\NVIDIA GPU Computing Toolkit\CUDA\v10.2\include\thrust/system/cuda/detail/find.h
  Note: including file:             C:\Program Files\NVIDIA GPU Computing Toolkit\CUDA\v10.2\include\thrust/system/detail/adl/mismatch.h
  Note: including file:              C:\Program Files\NVIDIA GPU Computing Toolkit\CUDA\v10.2\include\thrust/system/detail/sequential/mismatch.h
  Note: including file:              C:\Program Files\NVIDIA GPU Computing Toolkit\CUDA\v10.2\include\thrust/system/cpp/detail/mismatch.h
  Note: including file:              C:\Program Files\NVIDIA GPU Computing Toolkit\CUDA\v10.2\include\thrust/system/cuda/detail/mismatch.h
  Note: including file:         C:\Program Files\NVIDIA GPU Computing Toolkit\CUDA\v10.2\include\thrust/system/detail/adl/equal.h
  Note: including file:          C:\Program Files\NVIDIA GPU Computing Toolkit\CUDA\v10.2\include\thrust/system/detail/sequential/equal.h
  Note: including file:          C:\Program Files\NVIDIA GPU Computing Toolkit\CUDA\v10.2\include\thrust/system/cpp/detail/equal.h
  Note: including file:          C:\Program Files\NVIDIA GPU Computing Toolkit\CUDA\v10.2\include\thrust/system/cuda/detail/equal.h
  Note: including file:     C:\Program Files\NVIDIA GPU Computing Toolkit\CUDA\v10.2\include\thrust/device_allocator.h
  Note: including file:      C:\Program Files\NVIDIA GPU Computing Toolkit\CUDA\v10.2\include\thrust/device_ptr.h
  Note: including file:       C:\Program Files\NVIDIA GPU Computing Toolkit\CUDA\v10.2\include\thrust/memory.h
  Note: including file:       C:\Program Files\NVIDIA GPU Computing Toolkit\CUDA\v10.2\include\thrust/detail/device_ptr.inl
  Note: including file:        C:\Program Files\NVIDIA GPU Computing Toolkit\CUDA\v10.2\include\thrust/device_reference.h
  Note: including file:         C:\Program Files\NVIDIA GPU Computing Toolkit\CUDA\v10.2\include\thrust/detail/device_reference.inl
  Note: including file:      C:\Program Files\NVIDIA GPU Computing Toolkit\CUDA\v10.2\include\thrust/mr/allocator.h
  Note: including file:       C:\Program Files\NVIDIA GPU Computing Toolkit\CUDA\v10.2\include\thrust/mr/detail/config.h
  Note: including file:       C:\Program Files\NVIDIA GPU Computing Toolkit\CUDA\v10.2\include\thrust/mr/validator.h
  Note: including file:        c:\program files\nvidia gpu computing toolkit\cuda\v10.2\include\thrust\mr\memory_resource.h
  Note: including file:       C:\Program Files\NVIDIA GPU Computing Toolkit\CUDA\v10.2\include\thrust/mr/polymorphic_adaptor.h
  Note: including file:      C:\Program Files\NVIDIA GPU Computing Toolkit\CUDA\v10.2\include\thrust/memory/detail/device_system_resource.h
  Note: including file:       C:\Program Files\NVIDIA GPU Computing Toolkit\CUDA\v10.2\include\thrust/system/cuda/memory_resource.h
  Note: including file:        C:\Program Files\NVIDIA GPU Computing Toolkit\CUDA\v10.2\include\thrust/system/cuda/pointer.h
  Note: including file:         C:\Program Files\NVIDIA GPU Computing Toolkit\CUDA\v10.2\include\thrust/system/cuda/detail/pointer.inl
  Note: including file:        C:\Program Files\NVIDIA GPU Computing Toolkit\CUDA\v10.2\include\thrust/memory/detail/host_system_resource.h
  Note: including file:         C:\Program Files\NVIDIA GPU Computing Toolkit\CUDA\v10.2\include\thrust/system/cpp/memory_resource.h
  Note: including file:          C:\Program Files\NVIDIA GPU Computing Toolkit\CUDA\v10.2\include\thrust/mr/new.h
  Note: including file:          C:\Program Files\NVIDIA GPU Computing Toolkit\CUDA\v10.2\include\thrust/mr/fancy_pointer_resource.h
  Note: including file:          C:\Program Files\NVIDIA GPU Computing Toolkit\CUDA\v10.2\include\thrust/system/cpp/pointer.h
  Note: including file:           C:\Program Files\NVIDIA GPU Computing Toolkit\CUDA\v10.2\include\thrust/system/cpp/detail/pointer.inl
  Note: including file:     C:\Program Files\NVIDIA GPU Computing Toolkit\CUDA\v10.2\include\thrust/detail/device_vector.inl
  Note: including file:      C:\Program Files\NVIDIA GPU Computing Toolkit\CUDA\v10.2\include\thrust/host_vector.h
  Note: including file:       C:\Program Files\NVIDIA GPU Computing Toolkit\CUDA\v10.2\include\thrust/detail/host_vector.inl
OrbitTraceWrapper.cpp(101): warning C4101: 'k': unreferenced local variable
  Generating code
  89 of 2566 functions ( 3.5%) were compiled, the rest were copied from previous compilation.
    0 functions were new in current compilation
    10 functions had inline decision re-evaluated but remain unchanged
  Finished generating code
  OrbitTrace.vcxproj -> E:\Work\Modelling Framework\SubModels\Orbit-Trace\x64\Release\OrbitTrace.exe
